# JRE version: Java(TM) SE Runtime Environment (8.0_131-b11) (build 1.8.0_131-b11)
# Java VM: Java HotSpot(TM) 64-Bit Server VM (25.131-b11 mixed mode linux-amd64 compressed oops)
Heap:
 PSYoungGen      total 256512K, used 0K [0x00000000d7000000, 0x00000000e6d00000, 0x0000000100000000)
  eden space 253952K, 0% used [0x00000000d7000000,0x00000000d7000000,0x00000000e6800000)
  from space 2560K, 0% used [0x00000000e6800000,0x00000000e6800000,0x00000000e6a80000)
  to   space 2560K, 0% used [0x00000000e6a80000,0x00000000e6a80000,0x00000000e6d00000)
 ParOldGen       total 84992K, used 1148K [0x0000000085000000, 0x000000008a300000, 0x00000000d7000000)
  object space 84992K, 1% used [0x0000000085000000,0x000000008511f080,0x000000008a300000)
 Metaspace       used 6833K, capacity 7386K, committed 7552K, reserved 1056768K
  class space    used 858K, capacity 1025K, committed 1152K, reserved 1048576K
GC Heap History (10 events):
Event: 4,150 GC heap after
Heap after GC invocations=4 (full 0):
 PSYoungGen      total 68608K, used 1168K [0x00000000d7000000, 0x00000000db800000, 0x0000000100000000)
  eden space 63488K, 0% used [0x00000000d7000000,0x00000000d7000000,0x00000000dae00000)
  from space 5120K, 22% used [0x00000000db300000,0x00000000db424010,0x00000000db800000)
  to   space 5120K, 0% used [0x00000000dae00000,0x00000000dae00000,0x00000000db300000)
 ParOldGen       total 84992K, used 32K [0x0000000085000000, 0x000000008a300000, 0x00000000d7000000)
  object space 84992K, 0% used [0x0000000085000000,0x0000000085008000,0x000000008a300000)
 Metaspace       used 6833K, capacity 7386K, committed 7552K, reserved 1056768K
  class space    used 858K, capacity 1025K, committed 1152K, reserved 1048576K
}
Event: 4,478 GC heap before
{Heap before GC invocations=5 (full 0):
 PSYoungGen      total 68608K, used 64656K [0x00000000d7000000, 0x00000000db800000, 0x0000000100000000)
  eden space 63488K, 100% used [0x00000000d7000000,0x00000000dae00000,0x00000000dae00000)
  from space 5120K, 22% used [0x00000000db300000,0x00000000db424010,0x00000000db800000)
  to   space 5120K, 0% used [0x00000000dae00000,0x00000000dae00000,0x00000000db300000)
 ParOldGen       total 84992K, used 32K [0x0000000085000000, 0x000000008a300000, 0x00000000d7000000)
  object space 84992K, 0% used [0x0000000085000000,0x0000000085008000,0x000000008a300000)
 Metaspace       used 6833K, capacity 7386K, committed 7552K, reserved 1056768K
  class space    used 858K, capacity 1025K, committed 1152K, reserved 1048576K
Event: 4,489 GC heap after
Heap after GC invocations=5 (full 0):
 PSYoungGen      total 68608K, used 1184K [0x00000000d7000000, 0x00000000df100000, 0x0000000100000000)
  eden space 63488K, 0% used [0x00000000d7000000,0x00000000d7000000,0x00000000dae00000)
  from space 5120K, 23% used [0x00000000dae00000,0x00000000daf28000,0x00000000db300000)
  to   space 2560K, 0% used [0x00000000dee80000,0x00000000dee80000,0x00000000df100000)
 ParOldGen       total 84992K, used 32K [0x0000000085000000, 0x000000008a300000, 0x00000000d7000000)
  object space 84992K, 0% used [0x0000000085000000,0x0000000085008000,0x000000008a300000)
 Metaspace       used 6833K, capacity 7386K, committed 7552K, reserved 1056768K
  class space    used 858K, capacity 1025K, committed 1152K, reserved 1048576K
}
Event: 4,628 GC heap before
{Heap before GC invocations=6 (full 0):
 PSYoungGen      total 68608K, used 64672K [0x00000000d7000000, 0x00000000df100000, 0x0000000100000000)
  eden space 63488K, 100% used [0x00000000d7000000,0x00000000dae00000,0x00000000dae00000)
  from space 5120K, 23% used [0x00000000dae00000,0x00000000daf28000,0x00000000db300000)
  to   space 2560K, 0% used [0x00000000dee80000,0x00000000dee80000,0x00000000df100000)
 ParOldGen       total 84992K, used 32K [0x0000000085000000, 0x000000008a300000, 0x00000000d7000000)
  object space 84992K, 0% used [0x0000000085000000,0x0000000085008000,0x000000008a300000)
 Metaspace       used 6833K, capacity 7386K, committed 7552K, reserved 1056768K
  class space    used 858K, capacity 1025K, committed 1152K, reserved 1048576K
Event: 4,660 GC heap after
Heap after GC invocations=6 (full 0):
 PSYoungGen      total 129536K, used 1184K [0x00000000d7000000, 0x00000000df100000, 0x0000000100000000)
  eden space 126976K, 0% used [0x00000000d7000000,0x00000000d7000000,0x00000000dec00000)
  from space 2560K, 46% used [0x00000000dee80000,0x00000000defa8000,0x00000000df100000)
  to   space 2560K, 0% used [0x00000000dec00000,0x00000000dec00000,0x00000000dee80000)
 ParOldGen       total 84992K, used 40K [0x0000000085000000, 0x000000008a300000, 0x00000000d7000000)
  object space 84992K, 0% used [0x0000000085000000,0x000000008500a000,0x000000008a300000)
 Metaspace       used 6833K, capacity 7386K, committed 7552K, reserved 1056768K
  class space    used 858K, capacity 1025K, committed 1152K, reserved 1048576K
}
Event: 5,077 GC heap before
{Heap before GC invocations=7 (full 0):
 PSYoungGen      total 129536K, used 128160K [0x00000000d7000000, 0x00000000df100000, 0x0000000100000000)
  eden space 126976K, 100% used [0x00000000d7000000,0x00000000dec00000,0x00000000dec00000)
  from space 2560K, 46% used [0x00000000dee80000,0x00000000defa8000,0x00000000df100000)
  to   space 2560K, 0% used [0x00000000dec00000,0x00000000dec00000,0x00000000dee80000)
 ParOldGen       total 84992K, used 40K [0x0000000085000000, 0x000000008a300000, 0x00000000d7000000)
  object space 84992K, 0% used [0x0000000085000000,0x000000008500a000,0x000000008a300000)
 Metaspace       used 6833K, capacity 7386K, committed 7552K, reserved 1056768K
  class space    used 858K, capacity 1025K, committed 1152K, reserved 1048576K
Event: 5,111 GC heap after
Heap after GC invocations=7 (full 0):
 PSYoungGen      total 129536K, used 0K [0x00000000d7000000, 0x00000000e6d00000, 0x0000000100000000)
  eden space 126976K, 0% used [0x00000000d7000000,0x00000000d7000000,0x00000000dec00000)
  from space 2560K, 0% used [0x00000000dec00000,0x00000000dec00000,0x00000000dee80000)
  to   space 2560K, 0% used [0x00000000e6a80000,0x00000000e6a80000,0x00000000e6d00000)
 ParOldGen       total 84992K, used 1148K [0x0000000085000000, 0x000000008a300000, 0x00000000d7000000)
  object space 84992K, 1% used [0x0000000085000000,0x000000008511f080,0x000000008a300000)
 Metaspace       used 6833K, capacity 7386K, committed 7552K, reserved 1056768K
  class space    used 858K, capacity 1025K, committed 1152K, reserved 1048576K
}
Event: 5,332 GC heap before
{Heap before GC invocations=8 (full 0):
 PSYoungGen      total 129536K, used 126976K [0x00000000d7000000, 0x00000000e6d00000, 0x0000000100000000)
  eden space 126976K, 100% used [0x00000000d7000000,0x00000000dec00000,0x00000000dec00000)
  from space 2560K, 0% used [0x00000000dec00000,0x00000000dec00000,0x00000000dee80000)
  to   space 2560K, 0% used [0x00000000e6a80000,0x00000000e6a80000,0x00000000e6d00000)
 ParOldGen       total 84992K, used 1148K [0x0000000085000000, 0x000000008a300000, 0x00000000d7000000)
  object space 84992K, 1% used [0x0000000085000000,0x000000008511f080,0x000000008a300000)
 Metaspace       used 6833K, capacity 7386K, committed 7552K, reserved 1056768K
  class space    used 858K, capacity 1025K, committed 1152K, reserved 1048576K
Event: 5,338 GC heap after
Heap after GC invocations=8 (full 0):
 PSYoungGen      total 256512K, used 0K [0x00000000d7000000, 0x00000000e6d00000, 0x0000000100000000)
  eden space 253952K, 0% used [0x00000000d7000000,0x00000000d7000000,0x00000000e6800000)
  from space 2560K, 0% used [0x00000000e6a80000,0x00000000e6a80000,0x00000000e6d00000)
  to   space 2560K, 0% used [0x00000000e6800000,0x00000000e6800000,0x00000000e6a80000)
 ParOldGen       total 84992K, used 1148K [0x0000000085000000, 0x000000008a300000, 0x00000000d7000000)
  object space 84992K, 1% used [0x0000000085000000,0x000000008511f080,0x000000008a300000)
 Metaspace       used 6833K, capacity 7386K, committed 7552K, reserved 1056768K
  class space    used 858K, capacity 1025K, committed 1152K, reserved 1048576K
}
Event: 7,639 GC heap before
{Heap before GC invocations=9 (full 0):
 PSYoungGen      total 256512K, used 253952K [0x00000000d7000000, 0x00000000e6d00000, 0x0000000100000000)
  eden space 253952K, 100% used [0x00000000d7000000,0x00000000e6800000,0x00000000e6800000)
  from space 2560K, 0% used [0x00000000e6a80000,0x00000000e6a80000,0x00000000e6d00000)
  to   space 2560K, 0% used [0x00000000e6800000,0x00000000e6800000,0x00000000e6a80000)
 ParOldGen       total 84992K, used 1148K [0x0000000085000000, 0x000000008a300000, 0x00000000d7000000)
  object space 84992K, 1% used [0x0000000085000000,0x000000008511f080,0x000000008a300000)
 Metaspace       used 6833K, capacity 7386K, committed 7552K, reserved 1056768K
  class space    used 858K, capacity 1025K, committed 1152K, reserved 1048576K

